app/build/outputs/logs/manifest-merger-release-report.txt
-- Merging decision tree log ---
manifest
ADDED from src/main/AndroidManifest.xml:1:1-557:12
	package
		ADDED from src/main/AndroidManifest.xml:2:5-43
		INJECTED from src/main/AndroidManifest.xml
		INJECTED from src/main/AndroidManifest.xml
	android:versionName
		ADDED from src/main/AndroidManifest.xml:4:5-32
		INJECTED from src/main/AndroidManifest.xml
		INJECTED from src/main/AndroidManifest.xml
	android:versionCode
		ADDED from src/main/AndroidManifest.xml:3:5-30
		INJECTED from src/main/AndroidManifest.xml
		INJECTED from src/main/AndroidManifest.xml
	xmlns:android
		ADDED from src/main/AndroidManifest.xml:1:11-69
supports-screens
ADDED from src/main/AndroidManifest.xml:6:5-11:39
	android:largeScreens
		ADDED from src/main/AndroidManifest.xml:8:9-36
	android:smallScreens
		ADDED from src/main/AndroidManifest.xml:11:9-36
	android:normalScreens
		ADDED from src/main/AndroidManifest.xml:9:9-37
	android:resizeable
		ADDED from src/main/AndroidManifest.xml:10:9-34
	android:anyDensity
		ADDED from src/main/AndroidManifest.xml:7:9-34
uses-sdk
ADDED from src/main/AndroidManifest.xml:13:5-43
	android:targetSdkVersion
		INJECTED from src/main/AndroidManifest.xml
		INJECTED from src/main/AndroidManifest.xml
	android:minSdkVersion
		ADDED from src/main/AndroidManifest.xml:13:15-40
		INJECTED from src/main/AndroidManifest.xml
		INJECTED from src/main/AndroidManifest.xml
uses-permission#android.permission.INTERNET
ADDED from src/main/AndroidManifest.xml:16:5-67
	android:name
		ADDED from src/main/AndroidManifest.xml:16:22-64
uses-permission#android.permission.WRITE_EXTERNAL_STORAGE
ADDED from src/main/AndroidManifest.xml:18:5-81
	android:name
		ADDED from src/main/AndroidManifest.xml:18:22-78
uses-permission#android.permission.ACCESS_NETWORK_STATE
ADDED from src/main/AndroidManifest.xml:20:5-78
	android:name
		ADDED from src/main/AndroidManifest.xml:20:22-76
uses-permission#android.permission.GET_TASKS
ADDED from src/main/AndroidManifest.xml:21:5-68
	android:name
		ADDED from src/main/AndroidManifest.xml:21:22-65
uses-permission#android.permission.RECORD_AUDIO
ADDED from src/main/AndroidManifest.xml:27:5-71
	android:name
		ADDED from src/main/AndroidManifest.xml:27:22-68
uses-permission#android.permission.MODIFY_AUDIO_SETTINGS
ADDED from src/main/AndroidManifest.xml:29:5-80
	android:name
		ADDED from src/main/AndroidManifest.xml:29:22-77
uses-permission#android.permission.CAMERA
ADDED from src/main/AndroidManifest.xml:35:5-65
	android:name
		ADDED from src/main/AndroidManifest.xml:35:22-62
uses-feature#android.hardware.camera
ADDED from src/main/AndroidManifest.xml:37:5-60
	android:name
		ADDED from src/main/AndroidManifest.xml:37:19-57
uses-permission#android.permission.GET_ACCOUNTS
ADDED from src/main/AndroidManifest.xml:43:5-71
	android:name
		ADDED from src/main/AndroidManifest.xml:43:22-68
uses-permission#android.permission.WRITE_CONTACTS
ADDED from src/main/AndroidManifest.xml:44:5-73
	android:name
		ADDED from src/main/AndroidManifest.xml:44:22-70
uses-permission#android.permission.READ_CONTACTS
ADDED from src/main/AndroidManifest.xml:45:5-72
	android:name
		ADDED from src/main/AndroidManifest.xml:45:22-69
uses-permission#android.permission.WAKE_LOCK
ADDED from src/main/AndroidManifest.xml:51:5-68
	android:name
		ADDED from src/main/AndroidManifest.xml:51:22-65
uses-permission#android.permission.VIBRATE
ADDED from src/main/AndroidManifest.xml:53:5-66
	android:name
		ADDED from src/main/AndroidManifest.xml:53:22-63
uses-permission#android.permission.CALL_PHONE
ADDED from src/main/AndroidManifest.xml:55:5-69
	android:name
		ADDED from src/main/AndroidManifest.xml:55:22-66
uses-permission#android.permission.ACCESS_WIFI_STATE
ADDED from src/main/AndroidManifest.xml:57:5-76
	android:name
		ADDED from src/main/AndroidManifest.xml:57:22-73
uses-permission#android.permission.READ_PHONE_STATE
ADDED from src/main/AndroidManifest.xml:60:5-75
	android:name
		ADDED from src/main/AndroidManifest.xml:60:22-72
uses-permission#android.permission.SEND_SMS
ADDED from src/main/AndroidManifest.xml:69:5-67
	android:name
		ADDED from src/main/AndroidManifest.xml:69:22-64
uses-permission#android.permission.WRITE_SMS
ADDED from src/main/AndroidManifest.xml:70:5-68
	android:name
		ADDED from src/main/AndroidManifest.xml:70:22-65
uses-permission#android.permission.READ_SMS
ADDED from src/main/AndroidManifest.xml:71:5-67
	android:name
		ADDED from src/main/AndroidManifest.xml:71:22-64
uses-permission#com.android.launcher.permission.INSTALL_SHORTCUT
ADDED from src/main/AndroidManifest.xml:79:5-88
	android:name
		ADDED from src/main/AndroidManifest.xml:79:22-85
uses-permission#com.android.launcher.permission.UNINSTALL_SHORTCUT
ADDED from src/main/AndroidManifest.xml:80:5-90
	android:name
		ADDED from src/main/AndroidManifest.xml:80:22-87
uses-feature#android.hardware.camera.autofocus
ADDED from src/main/AndroidManifest.xml:89:5-70
	android:name
		ADDED from src/main/AndroidManifest.xml:89:19-67
uses-permission#android.permission.FLASHLIGHT
ADDED from src/main/AndroidManifest.xml:92:5-69
	android:name
		ADDED from src/main/AndroidManifest.xml:92:22-66
uses-permission#android.permission.ACCESS_COARSE_LOCATION
ADDED from src/main/AndroidManifest.xml:100:5-81
	android:name
		ADDED from src/main/AndroidManifest.xml:100:22-78
uses-permission#android.permission.ACCESS_FINE_LOCATION
ADDED from src/main/AndroidManifest.xml:101:5-79
	android:name
		ADDED from src/main/AndroidManifest.xml:101:22-76
uses-permission#android.permission.WRITE_SETTINGS
ADDED from src/main/AndroidManifest.xml:102:5-73
	android:name
		ADDED from src/main/AndroidManifest.xml:102:22-70
uses-permission#android.permission.CHANGE_WIFI_STATE
ADDED from src/main/AndroidManifest.xml:104:5-76
	android:name
		ADDED from src/main/AndroidManifest.xml:104:22-73
uses-permission#android.permission.MOUNT_UNMOUNT_FILESYSTEMS
ADDED from src/main/AndroidManifest.xml:106:5-84
	android:name
		ADDED from src/main/AndroidManifest.xml:106:22-81
uses-permission#android.permission.READ_LOGS
ADDED from src/main/AndroidManifest.xml:107:5-68
	android:name
		ADDED from src/main/AndroidManifest.xml:107:22-65
uses-permission#android.permission.RECEIVE_BOOT_COMPLETED
ADDED from src/main/AndroidManifest.xml:166:5-81
	android:name
		ADDED from src/main/AndroidManifest.xml:166:22-78
uses-permission#getui.permission.GetuiService.io.dcloud.HBuilder.H52E3F8A3
ADDED from src/main/AndroidManifest.xml:171:5-98
	android:name
		ADDED from src/main/AndroidManifest.xml:171:22-95
permission#getui.permission.GetuiService.io.dcloud.HBuilder.H52E3F8A3
ADDED from src/main/AndroidManifest.xml:173:5-175:44
	android:protectionLevel
		ADDED from src/main/AndroidManifest.xml:175:9-41
	android:name
		ADDED from src/main/AndroidManifest.xml:174:9-82
uses-permission#android.permission.CHANGE_NETWORK_STATE
ADDED from src/main/AndroidManifest.xml:203:5-79
	android:name
		ADDED from src/main/AndroidManifest.xml:203:22-76
uses-permission#android.permission.RECEIVE_USER_PRESENT
ADDED from src/main/AndroidManifest.xml:212:5-79
	android:name
		ADDED from src/main/AndroidManifest.xml:212:22-76
uses-permission#com.xiaomi.permission.AUTH_SERVICE
ADDED from src/main/AndroidManifest.xml:221:5-73
	android:name
		ADDED from src/main/AndroidManifest.xml:221:22-71
application
ADDED from src/main/AndroidManifest.xml:225:5-555:19
	android:label
		ADDED from src/main/AndroidManifest.xml:228:9-41
	android:allowClearUserData
		ADDED from src/main/AndroidManifest.xml:226:9-42
	android:icon
		ADDED from src/main/AndroidManifest.xml:227:9-38
	android:largeHeap
		ADDED from src/main/AndroidManifest.xml:229:9-33
	android:name
		ADDED from src/main/AndroidManifest.xml:230:9-63
activity#io.dcloud.PandoraEntry
ADDED from src/main/AndroidManifest.xml:231:9-245:20
	android:screenOrientation
		ADDED from src/main/AndroidManifest.xml:238:13-45
	android:label
		ADDED from src/main/AndroidManifest.xml:234:13-45
	android:hardwareAccelerated
		ADDED from src/main/AndroidManifest.xml:236:13-47
	android:launchMode
		ADDED from src/main/AndroidManifest.xml:235:13-44
	android:windowSoftInputMode
		ADDED from src/main/AndroidManifest.xml:239:13-55
	android:configChanges
		ADDED from src/main/AndroidManifest.xml:233:13-83
	android:theme
		ADDED from src/main/AndroidManifest.xml:237:13-52
	android:name
		ADDED from src/main/AndroidManifest.xml:232:13-50
intent-filter#android.intent.action.MAIN+android.intent.category.LAUNCHER
ADDED from src/main/AndroidManifest.xml:240:13-244:29
action#android.intent.action.MAIN
ADDED from src/main/AndroidManifest.xml:241:17-69
	android:name
		ADDED from src/main/AndroidManifest.xml:241:25-66
category#android.intent.category.LAUNCHER
ADDED from src/main/AndroidManifest.xml:243:17-77
	android:name
		ADDED from src/main/AndroidManifest.xml:243:27-74
activity#io.dcloud.PandoraEntryActivity
ADDED from src/main/AndroidManifest.xml:246:9-255:20
	android:screenOrientation
		ADDED from src/main/AndroidManifest.xml:252:13-45
	android:label
		ADDED from src/main/AndroidManifest.xml:250:13-36
	android:hardwareAccelerated
		ADDED from src/main/AndroidManifest.xml:249:13-47
	android:launchMode
		ADDED from src/main/AndroidManifest.xml:251:13-44
	android:windowSoftInputMode
		ADDED from src/main/AndroidManifest.xml:254:13-55
	android:configChanges
		ADDED from src/main/AndroidManifest.xml:248:13-112
	android:theme
		ADDED from src/main/AndroidManifest.xml:253:13-47
	android:name
		ADDED from src/main/AndroidManifest.xml:247:13-58
service#io.dcloud.common.adapter.io.MiniServerService
ADDED from src/main/AndroidManifest.xml:257:9-259:39
	android:exported
		ADDED from src/main/AndroidManifest.xml:259:13-36
	android:name
		ADDED from src/main/AndroidManifest.xml:258:13-73
activity#io.dcloud.imagepick.CustomGalleryActivity
ADDED from src/main/AndroidManifest.xml:261:9-268:20
	android:name
		ADDED from src/main/AndroidManifest.xml:261:19-75
intent-filter#android.intent.category.DEFAULT+io.dcloud.ACTION_MULTIPLE_PICK+io.dcloud.ACTION_PICK
ADDED from src/main/AndroidManifest.xml:262:13-267:29
action#io.dcloud.ACTION_PICK
ADDED from src/main/AndroidManifest.xml:263:17-64
	android:name
		ADDED from src/main/AndroidManifest.xml:263:25-61
action#io.dcloud.ACTION_MULTIPLE_PICK
ADDED from src/main/AndroidManifest.xml:264:17-73
	android:name
		ADDED from src/main/AndroidManifest.xml:264:25-70
category#android.intent.category.DEFAULT
ADDED from src/main/AndroidManifest.xml:266:17-76
	android:name
		ADDED from src/main/AndroidManifest.xml:266:27-73
meta-data#UMENG_APPKEY
ADDED from src/main/AndroidManifest.xml:274:9-276:44
	android:value
		ADDED from src/main/AndroidManifest.xml:276:13-41
	android:name
		ADDED from src/main/AndroidManifest.xml:275:13-40
meta-data#UMENG_CHANNEL
ADDED from src/main/AndroidManifest.xml:277:9-279:42
	android:value
		ADDED from src/main/AndroidManifest.xml:279:13-39
	android:name
		ADDED from src/main/AndroidManifest.xml:278:13-41
meta-data#com.amap.api.v2.apikey
ADDED from src/main/AndroidManifest.xml:299:9-301:46
	android:value
		ADDED from src/main/AndroidManifest.xml:301:13-43
	android:name
		ADDED from src/main/AndroidManifest.xml:300:13-50
meta-data#QQ_APPID
ADDED from src/main/AndroidManifest.xml:306:9-308:37
	android:value
		ADDED from src/main/AndroidManifest.xml:308:13-34
	android:name
		ADDED from src/main/AndroidManifest.xml:307:13-36
activity#com.tencent.tauth.AuthActivity
ADDED from src/main/AndroidManifest.xml:310:9-322:20
	android:launchMode
		ADDED from src/main/AndroidManifest.xml:312:13-44
	android:noHistory
		ADDED from src/main/AndroidManifest.xml:313:13-37
	android:name
		ADDED from src/main/AndroidManifest.xml:311:13-58
intent-filter#android.intent.action.VIEW+android.intent.category.BROWSABLE+android.intent.category.DEFAULT
ADDED from src/main/AndroidManifest.xml:314:13-321:29
action#android.intent.action.VIEW
ADDED from src/main/AndroidManifest.xml:315:17-69
	android:name
		ADDED from src/main/AndroidManifest.xml:315:25-66
category#android.intent.category.BROWSABLE
ADDED from src/main/AndroidManifest.xml:318:17-78
	android:name
		ADDED from src/main/AndroidManifest.xml:318:27-75
data
ADDED from src/main/AndroidManifest.xml:320:17-48
	android:scheme
		ADDED from src/main/AndroidManifest.xml:320:23-45
activity#com.tencent.connect.common.AssistActivity
ADDED from src/main/AndroidManifest.xml:323:9-326:75
	android:screenOrientation
		ADDED from src/main/AndroidManifest.xml:325:13-49
	android:theme
		ADDED from src/main/AndroidManifest.xml:326:13-72
	android:name
		ADDED from src/main/AndroidManifest.xml:324:13-69
meta-data#IFLY_APPKEY
ADDED from src/main/AndroidManifest.xml:338:9-340:40
	android:value
		ADDED from src/main/AndroidManifest.xml:340:13-37
	android:name
		ADDED from src/main/AndroidManifest.xml:339:13-39
meta-data#PUSH_APPID
ADDED from src/main/AndroidManifest.xml:350:9-86
	android:value
		ADDED from src/main/AndroidManifest.xml:350:46-84
	android:name
		ADDED from src/main/AndroidManifest.xml:350:20-45
meta-data#PUSH_APPKEY
ADDED from src/main/AndroidManifest.xml:351:9-87
	android:value
		ADDED from src/main/AndroidManifest.xml:351:47-85
	android:name
		ADDED from src/main/AndroidManifest.xml:351:20-46
meta-data#PUSH_APPSECRET
ADDED from src/main/AndroidManifest.xml:352:9-90
	android:value
		ADDED from src/main/AndroidManifest.xml:352:50-88
	android:name
		ADDED from src/main/AndroidManifest.xml:352:20-49
service#com.igexin.sdk.PushService
ADDED from src/main/AndroidManifest.xml:353:9-361:19
	android:process
		ADDED from src/main/AndroidManifest.xml:357:13-43
	android:label
		ADDED from src/main/AndroidManifest.xml:356:13-47
	android:exported
		ADDED from src/main/AndroidManifest.xml:355:13-36
	android:name
		ADDED from src/main/AndroidManifest.xml:354:13-54
intent-filter#com.igexin.sdk.action.service.message
ADDED from src/main/AndroidManifest.xml:358:13-360:29
action#com.igexin.sdk.action.service.message
ADDED from src/main/AndroidManifest.xml:359:17-79
	android:name
		ADDED from src/main/AndroidManifest.xml:359:25-77
receiver#com.igexin.sdk.PushReceiver
ADDED from src/main/AndroidManifest.xml:362:9-372:20
	android:name
		ADDED from src/main/AndroidManifest.xml:362:19-61
intent-filter#android.intent.action.ACTION_POWER_CONNECTED+android.intent.action.ACTION_POWER_DISCONNECTED+android.intent.action.BOOT_COMPLETED+android.intent.action.MEDIA_MOUNTED+android.intent.action.USER_PRESENT+android.net.conn.CONNECTIVITY_CHANGE+com.igexin.sdk.action.refreshls
ADDED from src/main/AndroidManifest.xml:363:13-371:29
action#android.intent.action.BOOT_COMPLETED
ADDED from src/main/AndroidManifest.xml:364:17-78
	android:name
		ADDED from src/main/AndroidManifest.xml:364:25-76
action#android.net.conn.CONNECTIVITY_CHANGE
ADDED from src/main/AndroidManifest.xml:365:17-78
	android:name
		ADDED from src/main/AndroidManifest.xml:365:25-76
action#android.intent.action.USER_PRESENT
ADDED from src/main/AndroidManifest.xml:366:17-76
	android:name
		ADDED from src/main/AndroidManifest.xml:366:25-74
action#com.igexin.sdk.action.refreshls
ADDED from src/main/AndroidManifest.xml:367:17-73
	android:name
		ADDED from src/main/AndroidManifest.xml:367:25-71
action#android.intent.action.MEDIA_MOUNTED
ADDED from src/main/AndroidManifest.xml:368:17-77
	android:name
		ADDED from src/main/AndroidManifest.xml:368:25-75
action#android.intent.action.ACTION_POWER_CONNECTED
ADDED from src/main/AndroidManifest.xml:369:17-86
	android:name
		ADDED from src/main/AndroidManifest.xml:369:25-84
action#android.intent.action.ACTION_POWER_DISCONNECTED
ADDED from src/main/AndroidManifest.xml:370:17-89
	android:name
		ADDED from src/main/AndroidManifest.xml:370:25-87
activity#com.igexin.sdk.PushActivity
ADDED from src/main/AndroidManifest.xml:373:9-379:74
	android:process
		ADDED from src/main/AndroidManifest.xml:377:13-43
	android:excludeFromRecents
		ADDED from src/main/AndroidManifest.xml:375:13-46
	android:exported
		ADDED from src/main/AndroidManifest.xml:376:13-37
	android:theme
		ADDED from src/main/AndroidManifest.xml:379:13-72
	android:taskAffinity
		ADDED from src/main/AndroidManifest.xml:378:13-67
	android:name
		ADDED from src/main/AndroidManifest.xml:374:13-55
activity#com.igexin.sdk.GActivity
ADDED from src/main/AndroidManifest.xml:380:9-386:74
	android:process
		ADDED from src/main/AndroidManifest.xml:384:13-43
	android:excludeFromRecents
		ADDED from src/main/AndroidManifest.xml:382:13-46
	android:exported
		ADDED from src/main/AndroidManifest.xml:383:13-36
	android:theme
		ADDED from src/main/AndroidManifest.xml:386:13-72
	android:taskAffinity
		ADDED from src/main/AndroidManifest.xml:385:13-67
	android:name
		ADDED from src/main/AndroidManifest.xml:381:13-52
receiver#io.dcloud.feature.apsGt.GTNotificationReceiver
ADDED from src/main/AndroidManifest.xml:388:9-396:20
	android:name
		ADDED from src/main/AndroidManifest.xml:388:19-80
intent-filter#android.intent.action.BOOT_COMPLETED+io.dcloud.HBuilder.H52E3F8A3.__CLEAR_NOTIFICATION+io.dcloud.HBuilder.H52E3F8A3.__CLILK_NOTIFICATION+io.dcloud.HBuilder.H52E3F8A3.__CREATE_NOTIFICATION+io.dcloud.HBuilder.H52E3F8A3.__REMOVE_NOTIFICATION
ADDED from src/main/AndroidManifest.xml:389:13-395:29
action#io.dcloud.HBuilder.H52E3F8A3.__CREATE_NOTIFICATION
ADDED from src/main/AndroidManifest.xml:391:17-92
	android:name
		ADDED from src/main/AndroidManifest.xml:391:25-90
action#io.dcloud.HBuilder.H52E3F8A3.__REMOVE_NOTIFICATION
ADDED from src/main/AndroidManifest.xml:392:17-92
	android:name
		ADDED from src/main/AndroidManifest.xml:392:25-90
action#io.dcloud.HBuilder.H52E3F8A3.__CLEAR_NOTIFICATION
ADDED from src/main/AndroidManifest.xml:393:17-91
	android:name
		ADDED from src/main/AndroidManifest.xml:393:25-89
action#io.dcloud.HBuilder.H52E3F8A3.__CLILK_NOTIFICATION
ADDED from src/main/AndroidManifest.xml:394:17-91
	android:name
		ADDED from src/main/AndroidManifest.xml:394:25-89
service#io.dcloud.feature.apsGt.GTNormalIntentService
ADDED from src/main/AndroidManifest.xml:397:9-398:75
	android:name
		ADDED from src/main/AndroidManifest.xml:398:13-73
service#io.dcloud.feature.apsGt.GTNormalPushService
ADDED from src/main/AndroidManifest.xml:399:9-404:19
	android:process
		ADDED from src/main/AndroidManifest.xml:403:13-43
	android:label
		ADDED from src/main/AndroidManifest.xml:402:13-40
	android:exported
		ADDED from src/main/AndroidManifest.xml:401:13-36
	android:name
		ADDED from src/main/AndroidManifest.xml:400:13-71
meta-data#SINA_REDIRECT_URI
ADDED from src/main/AndroidManifest.xml:411:9-413:51
	android:value
		ADDED from src/main/AndroidManifest.xml:413:13-48
	android:name
		ADDED from src/main/AndroidManifest.xml:412:13-45
meta-data#SINA_SECRET
ADDED from src/main/AndroidManifest.xml:414:9-416:51
	android:value
		ADDED from src/main/AndroidManifest.xml:416:13-48
	android:name
		ADDED from src/main/AndroidManifest.xml:415:13-39
meta-data#SINA_APPKEY
ADDED from src/main/AndroidManifest.xml:417:9-419:63
	android:value
		ADDED from src/main/AndroidManifest.xml:419:13-60
	android:name
		ADDED from src/main/AndroidManifest.xml:418:13-39
activity#com.sina.weibo.sdk.web.WeiboSdkWebActivity
ADDED from src/main/AndroidManifest.xml:421:9-426:16
	android:exported
		ADDED from src/main/AndroidManifest.xml:424:9-33
	android:windowSoftInputMode
		ADDED from src/main/AndroidManifest.xml:425:9-51
	android:configChanges
		ADDED from src/main/AndroidManifest.xml:423:9-59
	android:name
		ADDED from src/main/AndroidManifest.xml:422:9-66
activity#com.sina.weibo.sdk.share.WbShareTransActivity
ADDED from src/main/AndroidManifest.xml:428:5-437:16
	android:launchMode
		ADDED from src/main/AndroidManifest.xml:430:9-40
	android:theme
		ADDED from src/main/AndroidManifest.xml:431:9-79
	android:name
		ADDED from src/main/AndroidManifest.xml:429:9-69
intent-filter#android.intent.category.DEFAULT+com.sina.weibo.sdk.action.ACTION_SDK_REQ_ACTIVITY
ADDED from src/main/AndroidManifest.xml:432:9-436:25
action#com.sina.weibo.sdk.action.ACTION_SDK_REQ_ACTIVITY
ADDED from src/main/AndroidManifest.xml:433:13-88
	android:name
		ADDED from src/main/AndroidManifest.xml:433:21-85
meta-data#TENCENT_REDIRECT_URI
ADDED from src/main/AndroidManifest.xml:440:9-442:51
	android:value
		ADDED from src/main/AndroidManifest.xml:442:13-48
	android:name
		ADDED from src/main/AndroidManifest.xml:441:13-48
meta-data#TENCENT_SECRET
ADDED from src/main/AndroidManifest.xml:443:9-445:51
	android:value
		ADDED from src/main/AndroidManifest.xml:445:13-48
	android:name
		ADDED from src/main/AndroidManifest.xml:444:13-42
meta-data#TENCENT_APPKEY
ADDED from src/main/AndroidManifest.xml:446:9-448:63
	android:value
		ADDED from src/main/AndroidManifest.xml:448:13-60
	android:name
		ADDED from src/main/AndroidManifest.xml:447:13-42
activity#io.dcloud.share.tencent.WebAuthorize
ADDED from src/main/AndroidManifest.xml:450:9-453:20
	android:theme
		ADDED from src/main/AndroidManifest.xml:452:13-60
	android:name
		ADDED from src/main/AndroidManifest.xml:451:13-64
meta-data#WX_SECRET
ADDED from src/main/AndroidManifest.xml:455:9-457:64
	android:value
		ADDED from src/main/AndroidManifest.xml:457:13-61
	android:name
		ADDED from src/main/AndroidManifest.xml:456:13-37
meta-data#WX_APPID
ADDED from src/main/AndroidManifest.xml:458:9-460:50
	android:value
		ADDED from src/main/AndroidManifest.xml:460:13-47
	android:name
		ADDED from src/main/AndroidManifest.xml:459:13-36
activity#io.dcloud.HBuilder.H52E3F8A3.wxapi.WXEntryActivity
ADDED from src/main/AndroidManifest.xml:462:9-475:20
	android:label
		ADDED from src/main/AndroidManifest.xml:465:13-45
	android:launchMode
		ADDED from src/main/AndroidManifest.xml:466:13-43
	android:exported
		ADDED from src/main/AndroidManifest.xml:464:13-36
	android:theme
		ADDED from src/main/AndroidManifest.xml:467:13-72
	android:name
		ADDED from src/main/AndroidManifest.xml:463:13-78
intent-filter#android.intent.action.VIEW+android.intent.category.DEFAULT
ADDED from src/main/AndroidManifest.xml:468:13-474:29
activity#com.alipay.sdk.app.H5PayActivity
ADDED from src/main/AndroidManifest.xml:478:9-484:20
	android:screenOrientation
		ADDED from src/main/AndroidManifest.xml:482:13-47
	android:exported
		ADDED from src/main/AndroidManifest.xml:481:13-37
	android:windowSoftInputMode
		ADDED from src/main/AndroidManifest.xml:483:13-67
	android:configChanges
		ADDED from src/main/AndroidManifest.xml:480:13-74
	android:name
		ADDED from src/main/AndroidManifest.xml:479:13-60
activity#com.alipay.sdk.auth.AuthActivity
ADDED from src/main/AndroidManifest.xml:485:9-490:20
	android:screenOrientation
		ADDED from src/main/AndroidManifest.xml:489:13-47
	android:exported
		ADDED from src/main/AndroidManifest.xml:488:13-37
	android:configChanges
		ADDED from src/main/AndroidManifest.xml:487:13-74
	android:name
		ADDED from src/main/AndroidManifest.xml:486:13-60
activity#io.dcloud.HBuilder.H52E3F8A3.wxapi.WXPayEntryActivity
ADDED from src/main/AndroidManifest.xml:495:9-499:75
	android:launchMode
		ADDED from src/main/AndroidManifest.xml:498:13-43
	android:exported
		ADDED from src/main/AndroidManifest.xml:497:13-36
	android:theme
		ADDED from src/main/AndroidManifest.xml:499:13-72
	android:name
		ADDED from src/main/AndroidManifest.xml:496:13-81
meta-data#MIUI_APPID
ADDED from src/main/AndroidManifest.xml:507:9-75
	android:value
		ADDED from src/main/AndroidManifest.xml:507:20-47
	android:name
		ADDED from src/main/AndroidManifest.xml:507:48-73
meta-data#MIUI_APPSECRET
ADDED from src/main/AndroidManifest.xml:508:9-82
	android:value
		ADDED from src/main/AndroidManifest.xml:508:20-50
	android:name
		ADDED from src/main/AndroidManifest.xml:508:51-80
meta-data#MIUI_REDIRECT_URI
ADDED from src/main/AndroidManifest.xml:509:9-80
	android:value
		ADDED from src/main/AndroidManifest.xml:509:20-45
	android:name
		ADDED from src/main/AndroidManifest.xml:509:46-78
activity#com.xiaomi.account.openauth.AuthorizeActivity
ADDED from src/main/AndroidManifest.xml:510:9-81
	android:name
		ADDED from src/main/AndroidManifest.xml:510:19-79